Thu Oct 23 15:03:05 WIB 2025
Thu Oct 23 20:33:40 WIB 2025
Fri Oct 24 01:59:26 WIB 2025
Fri Oct 24 07:12:26 WIB 2025
Fri Oct 24 14:12:56 WIB 2025
Fri Oct 24 20:31:01 WIB 2025
Sat Oct 25 01:39:25 WIB 2025
Sat Oct 25 07:02:40 WIB 2025
Sat Oct 25 14:26:55 WIB 2025
Sat Oct 25 19:52:28 WIB 2025
Sun Oct 26 02:13:30 WIB 2025
Sun Oct 26 07:04:04 WIB 2025
Sun Oct 26 14:15:14 WIB 2025
Sun Oct 26 20:15:10 WIB 2025
Mon Oct 27 02:15:06 WIB 2025
Mon Oct 27 07:12:30 WIB 2025
Mon Oct 27 14:05:24 WIB 2025
Mon Oct 27 20:13:02 WIB 2025
Tue Oct 28 02:09:05 WIB 2025
Tue Oct 28 06:51:55 WIB 2025
Tue Oct 28 14:17:39 WIB 2025
Tue Oct 28 19:58:19 WIB 2025
Wed Oct 29 01:39:40 WIB 2025
Wed Oct 29 06:57:50 WIB 2025
Wed Oct 29 14:06:31 WIB 2025
Wed Oct 29 16:51:19 WIB 2025
